[2024-07-18 18:07:51,568] INFO Starting the log cleaner (kafka.log.LogCleaner)
[2024-07-18 18:09:59,014] INFO Starting the log cleaner (kafka.log.LogCleaner)
[2024-07-18 20:49:48,092] INFO Starting the log cleaner (kafka.log.LogCleaner)
[2024-07-18 20:51:35,138] INFO Starting the log cleaner (kafka.log.LogCleaner)
[2024-07-18 23:21:11,653] INFO Starting the log cleaner (kafka.log.LogCleaner)
[2024-07-22 07:40:06,196] INFO Starting the log cleaner (kafka.log.LogCleaner)
[2024-07-23 01:49:18,693] INFO Starting the log cleaner (kafka.log.LogCleaner)
[2024-07-29 18:46:19,791] INFO Starting the log cleaner (kafka.log.LogCleaner)
[2024-07-29 20:05:11,632] INFO Starting the log cleaner (kafka.log.LogCleaner)
[2024-07-29 20:18:56,924] INFO Starting the log cleaner (kafka.log.LogCleaner)
[2024-07-29 20:19:50,332] INFO Starting the log cleaner (kafka.log.LogCleaner)
[2024-07-29 20:20:43,719] INFO Starting the log cleaner (kafka.log.LogCleaner)
[2024-07-29 20:24:21,862] INFO Starting the log cleaner (kafka.log.LogCleaner)
[2024-07-29 20:26:50,042] INFO Starting the log cleaner (kafka.log.LogCleaner)
[2024-07-29 20:30:48,363] INFO Starting the log cleaner (kafka.log.LogCleaner)
[2024-07-29 20:32:11,783] INFO Starting the log cleaner (kafka.log.LogCleaner)
[2024-07-29 20:37:50,690] INFO Starting the log cleaner (kafka.log.LogCleaner)
[2024-08-05 15:20:45,163] INFO Starting the log cleaner (kafka.log.LogCleaner)
[2024-08-05 15:31:19,796] INFO Starting the log cleaner (kafka.log.LogCleaner)
[2024-08-05 15:41:35,532] INFO Cleaner 0: Beginning cleaning of log __consumer_offsets-12 (kafka.log.LogCleaner)
[2024-08-05 15:41:35,533] INFO Cleaner 0: Building offset map for __consumer_offsets-12... (kafka.log.LogCleaner)
[2024-08-05 15:41:35,642] INFO Cleaner 0: Building offset map for log __consumer_offsets-12 for 1 segments in offset range [0, 862). (kafka.log.LogCleaner)
[2024-08-05 15:41:35,704] INFO Cleaner 0: Offset map for log __consumer_offsets-12 complete. (kafka.log.LogCleaner)
[2024-08-05 15:41:35,755] INFO Cleaner 0: Cleaning log __consumer_offsets-12 (cleaning prior to Mon Jul 22 20:10:55 IST 2024, discarding tombstones prior to upper bound deletion horizon Thu Jan 01 05:30:00 IST 1970)... (kafka.log.LogCleaner)
[2024-08-05 15:41:35,766] INFO Cleaner 0: Cleaning LogSegment(baseOffset=0, size=64548, lastModifiedTime=1721659255153, largestRecordTimestamp=1721659255114) in log __consumer_offsets-12 into 0 with an upper bound deletion horizon 0 computed from the segment last modified time of 1721659255153,retaining deletes. (kafka.log.LogCleaner)
[2024-08-05 15:41:35,827] INFO Cleaner 0: Swapping in cleaned segment LogSegment(baseOffset=0, size=554, lastModifiedTime=1721659255153, largestRecordTimestamp=1721659255114) for segment(s) List(LogSegment(baseOffset=0, size=64548, lastModifiedTime=1721659255153, largestRecordTimestamp=1721659255114)) in log Log(dir=C:\kafka\kafka-logs\__consumer_offsets-12, topicId=f64BRmo_QQOpNWuZOGjZrA, topic=__consumer_offsets, partition=12, highWatermark=869, lastStableOffset=869, logStartOffset=0, logEndOffset=869) (kafka.log.LogCleaner)
[2024-08-05 15:41:35,883] INFO Cleaner 0: Beginning cleaning of log __consumer_offsets-12 (kafka.log.LogCleaner)
[2024-08-05 15:41:35,883] INFO Cleaner 0: Building offset map for __consumer_offsets-12... (kafka.log.LogCleaner)
[2024-08-05 16:39:29,081] INFO Starting the log cleaner (kafka.log.LogCleaner)
[2024-08-05 16:39:44,335] INFO Cleaner 0: Beginning cleaning of log __consumer_offsets-12 (kafka.log.LogCleaner)
[2024-08-05 16:39:44,336] INFO Cleaner 0: Building offset map for __consumer_offsets-12... (kafka.log.LogCleaner)
[2024-08-05 16:39:44,388] INFO Cleaner 0: Building offset map for log __consumer_offsets-12 for 1 segments in offset range [0, 862). (kafka.log.LogCleaner)
[2024-08-05 16:39:44,467] INFO Cleaner 0: Offset map for log __consumer_offsets-12 complete. (kafka.log.LogCleaner)
[2024-08-05 16:39:44,508] INFO Cleaner 0: Cleaning log __consumer_offsets-12 (cleaning prior to Mon Jul 22 20:10:55 IST 2024, discarding tombstones prior to upper bound deletion horizon Thu Jan 01 05:30:00 IST 1970)... (kafka.log.LogCleaner)
[2024-08-05 16:39:44,517] INFO Cleaner 0: Cleaning LogSegment(baseOffset=0, size=64548, lastModifiedTime=1721659255153, largestRecordTimestamp=1721659255114) in log __consumer_offsets-12 into 0 with an upper bound deletion horizon 0 computed from the segment last modified time of 1721659255153,retaining deletes. (kafka.log.LogCleaner)
[2024-08-05 16:39:44,584] INFO Cleaner 0: Swapping in cleaned segment LogSegment(baseOffset=0, size=554, lastModifiedTime=1721659255153, largestRecordTimestamp=1721659255114) for segment(s) List(LogSegment(baseOffset=0, size=64548, lastModifiedTime=1721659255153, largestRecordTimestamp=1721659255114)) in log Log(dir=C:\kafka\kafka-logs\__consumer_offsets-12, topicId=f64BRmo_QQOpNWuZOGjZrA, topic=__consumer_offsets, partition=12, highWatermark=869, lastStableOffset=869, logStartOffset=0, logEndOffset=869) (kafka.log.LogCleaner)
[2024-08-05 16:39:44,640] INFO Cleaner 0: Beginning cleaning of log __consumer_offsets-12 (kafka.log.LogCleaner)
[2024-08-05 16:39:44,641] INFO Cleaner 0: Building offset map for __consumer_offsets-12... (kafka.log.LogCleaner)
[2024-08-05 16:39:44,693] INFO Cleaner 0: Building offset map for log __consumer_offsets-12 for 1 segments in offset range [0, 862). (kafka.log.LogCleaner)
[2024-08-05 16:39:44,703] INFO Cleaner 0: Offset map for log __consumer_offsets-12 complete. (kafka.log.LogCleaner)
[2024-08-05 16:39:44,704] INFO Cleaner 0: Cleaning log __consumer_offsets-12 (cleaning prior to Mon Jul 22 20:10:55 IST 2024, discarding tombstones prior to upper bound deletion horizon Thu Jan 01 05:30:00 IST 1970)... (kafka.log.LogCleaner)
[2024-08-05 16:40:50,940] INFO Starting the log cleaner (kafka.log.LogCleaner)
[2024-08-05 16:41:06,200] INFO Cleaner 0: Beginning cleaning of log __consumer_offsets-12 (kafka.log.LogCleaner)
[2024-08-05 16:41:06,201] INFO Cleaner 0: Building offset map for __consumer_offsets-12... (kafka.log.LogCleaner)
[2024-08-05 16:41:06,251] INFO Cleaner 0: Building offset map for log __consumer_offsets-12 for 1 segments in offset range [0, 862). (kafka.log.LogCleaner)
[2024-08-05 16:41:06,286] INFO Cleaner 0: Offset map for log __consumer_offsets-12 complete. (kafka.log.LogCleaner)
[2024-08-05 16:41:06,309] INFO Cleaner 0: Cleaning log __consumer_offsets-12 (cleaning prior to Mon Jul 22 20:10:55 IST 2024, discarding tombstones prior to upper bound deletion horizon Thu Jan 01 05:30:00 IST 1970)... (kafka.log.LogCleaner)
[2024-08-05 16:41:06,319] INFO Cleaner 0: Cleaning LogSegment(baseOffset=0, size=64548, lastModifiedTime=1721659255153, largestRecordTimestamp=1721659255114) in log __consumer_offsets-12 into 0 with an upper bound deletion horizon 0 computed from the segment last modified time of 1721659255153,retaining deletes. (kafka.log.LogCleaner)
[2024-08-05 16:41:06,383] INFO Cleaner 0: Swapping in cleaned segment LogSegment(baseOffset=0, size=554, lastModifiedTime=1721659255153, largestRecordTimestamp=1721659255114) for segment(s) List(LogSegment(baseOffset=0, size=64548, lastModifiedTime=1721659255153, largestRecordTimestamp=1721659255114)) in log Log(dir=C:\kafka\kafka-logs\__consumer_offsets-12, topicId=f64BRmo_QQOpNWuZOGjZrA, topic=__consumer_offsets, partition=12, highWatermark=869, lastStableOffset=869, logStartOffset=0, logEndOffset=869) (kafka.log.LogCleaner)
[2024-08-05 16:41:06,441] INFO Cleaner 0: Beginning cleaning of log __consumer_offsets-12 (kafka.log.LogCleaner)
[2024-08-05 16:41:06,442] INFO Cleaner 0: Building offset map for __consumer_offsets-12... (kafka.log.LogCleaner)
[2024-08-05 16:41:06,499] INFO Cleaner 0: Building offset map for log __consumer_offsets-12 for 1 segments in offset range [0, 862). (kafka.log.LogCleaner)
[2024-08-05 16:43:25,185] INFO Starting the log cleaner (kafka.log.LogCleaner)
[2024-08-05 16:43:40,473] INFO Cleaner 0: Beginning cleaning of log __consumer_offsets-12 (kafka.log.LogCleaner)
[2024-08-05 16:43:40,475] INFO Cleaner 0: Building offset map for __consumer_offsets-12... (kafka.log.LogCleaner)
[2024-08-05 16:43:40,550] INFO Cleaner 0: Building offset map for log __consumer_offsets-12 for 1 segments in offset range [0, 862). (kafka.log.LogCleaner)
[2024-08-05 16:43:40,600] INFO Cleaner 0: Offset map for log __consumer_offsets-12 complete. (kafka.log.LogCleaner)
[2024-08-05 16:43:40,637] INFO Cleaner 0: Cleaning log __consumer_offsets-12 (cleaning prior to Mon Jul 22 20:10:55 IST 2024, discarding tombstones prior to upper bound deletion horizon Thu Jan 01 05:30:00 IST 1970)... (kafka.log.LogCleaner)
[2024-08-05 16:43:40,646] INFO Cleaner 0: Cleaning LogSegment(baseOffset=0, size=64548, lastModifiedTime=1721659255153, largestRecordTimestamp=1721659255114) in log __consumer_offsets-12 into 0 with an upper bound deletion horizon 0 computed from the segment last modified time of 1721659255153,retaining deletes. (kafka.log.LogCleaner)
[2024-08-05 16:43:40,713] INFO Cleaner 0: Swapping in cleaned segment LogSegment(baseOffset=0, size=554, lastModifiedTime=1721659255153, largestRecordTimestamp=1721659255114) for segment(s) List(LogSegment(baseOffset=0, size=64548, lastModifiedTime=1721659255153, largestRecordTimestamp=1721659255114)) in log Log(dir=C:\kafka\kafka-logs\__consumer_offsets-12, topicId=f64BRmo_QQOpNWuZOGjZrA, topic=__consumer_offsets, partition=12, highWatermark=869, lastStableOffset=869, logStartOffset=0, logEndOffset=869) (kafka.log.LogCleaner)
[2024-08-05 16:43:40,766] INFO Cleaner 0: Beginning cleaning of log __consumer_offsets-12 (kafka.log.LogCleaner)
[2024-08-05 16:43:40,766] INFO Cleaner 0: Building offset map for __consumer_offsets-12... (kafka.log.LogCleaner)
[2024-08-05 16:43:40,810] INFO Cleaner 0: Building offset map for log __consumer_offsets-12 for 1 segments in offset range [0, 862). (kafka.log.LogCleaner)
[2024-08-05 16:48:01,174] INFO Starting the log cleaner (kafka.log.LogCleaner)
[2024-08-05 16:48:16,334] INFO Cleaner 0: Beginning cleaning of log __consumer_offsets-12 (kafka.log.LogCleaner)
[2024-08-05 16:48:16,335] INFO Cleaner 0: Building offset map for __consumer_offsets-12... (kafka.log.LogCleaner)
[2024-08-05 16:48:16,383] INFO Cleaner 0: Building offset map for log __consumer_offsets-12 for 1 segments in offset range [0, 862). (kafka.log.LogCleaner)
[2024-08-05 16:48:16,439] INFO Cleaner 0: Offset map for log __consumer_offsets-12 complete. (kafka.log.LogCleaner)
[2024-08-05 16:48:16,479] INFO Cleaner 0: Cleaning log __consumer_offsets-12 (cleaning prior to Mon Jul 22 20:10:55 IST 2024, discarding tombstones prior to upper bound deletion horizon Thu Jan 01 05:30:00 IST 1970)... (kafka.log.LogCleaner)
[2024-08-05 16:48:16,493] INFO Cleaner 0: Cleaning LogSegment(baseOffset=0, size=64548, lastModifiedTime=1721659255153, largestRecordTimestamp=1721659255114) in log __consumer_offsets-12 into 0 with an upper bound deletion horizon 0 computed from the segment last modified time of 1721659255153,retaining deletes. (kafka.log.LogCleaner)
[2024-08-05 16:48:16,562] INFO Cleaner 0: Swapping in cleaned segment LogSegment(baseOffset=0, size=554, lastModifiedTime=1721659255153, largestRecordTimestamp=1721659255114) for segment(s) List(LogSegment(baseOffset=0, size=64548, lastModifiedTime=1721659255153, largestRecordTimestamp=1721659255114)) in log Log(dir=C:\kafka\kafka-logs\__consumer_offsets-12, topicId=f64BRmo_QQOpNWuZOGjZrA, topic=__consumer_offsets, partition=12, highWatermark=869, lastStableOffset=869, logStartOffset=0, logEndOffset=869) (kafka.log.LogCleaner)
[2024-08-05 16:48:16,611] INFO Cleaner 0: Beginning cleaning of log __consumer_offsets-12 (kafka.log.LogCleaner)
[2024-08-05 16:48:16,611] INFO Cleaner 0: Building offset map for __consumer_offsets-12... (kafka.log.LogCleaner)
[2024-08-05 16:48:16,659] INFO Cleaner 0: Building offset map for log __consumer_offsets-12 for 1 segments in offset range [0, 862). (kafka.log.LogCleaner)
[2024-08-05 16:48:16,673] INFO Cleaner 0: Offset map for log __consumer_offsets-12 complete. (kafka.log.LogCleaner)
[2024-08-05 16:48:16,673] INFO Cleaner 0: Cleaning log __consumer_offsets-12 (cleaning prior to Mon Jul 22 20:10:55 IST 2024, discarding tombstones prior to upper bound deletion horizon Thu Jan 01 05:30:00 IST 1970)... (kafka.log.LogCleaner)
[2024-08-05 16:49:42,115] INFO Starting the log cleaner (kafka.log.LogCleaner)
[2024-08-05 16:49:57,303] INFO Cleaner 0: Beginning cleaning of log __consumer_offsets-12 (kafka.log.LogCleaner)
[2024-08-05 16:49:57,303] INFO Cleaner 0: Building offset map for __consumer_offsets-12... (kafka.log.LogCleaner)
[2024-08-05 16:49:57,340] INFO Cleaner 0: Building offset map for log __consumer_offsets-12 for 1 segments in offset range [0, 862). (kafka.log.LogCleaner)
[2024-08-05 16:49:57,398] INFO Cleaner 0: Offset map for log __consumer_offsets-12 complete. (kafka.log.LogCleaner)
[2024-08-05 16:49:57,433] INFO Cleaner 0: Cleaning log __consumer_offsets-12 (cleaning prior to Mon Jul 22 20:10:55 IST 2024, discarding tombstones prior to upper bound deletion horizon Thu Jan 01 05:30:00 IST 1970)... (kafka.log.LogCleaner)
[2024-08-05 16:49:57,441] INFO Cleaner 0: Cleaning LogSegment(baseOffset=0, size=64548, lastModifiedTime=1721659255153, largestRecordTimestamp=1721659255114) in log __consumer_offsets-12 into 0 with an upper bound deletion horizon 0 computed from the segment last modified time of 1721659255153,retaining deletes. (kafka.log.LogCleaner)
[2024-08-05 16:49:57,501] INFO Cleaner 0: Swapping in cleaned segment LogSegment(baseOffset=0, size=554, lastModifiedTime=1721659255153, largestRecordTimestamp=1721659255114) for segment(s) List(LogSegment(baseOffset=0, size=64548, lastModifiedTime=1721659255153, largestRecordTimestamp=1721659255114)) in log Log(dir=C:\kafka\kafka-logs\__consumer_offsets-12, topicId=f64BRmo_QQOpNWuZOGjZrA, topic=__consumer_offsets, partition=12, highWatermark=869, lastStableOffset=869, logStartOffset=0, logEndOffset=869) (kafka.log.LogCleaner)
[2024-08-05 16:49:57,540] INFO Cleaner 0: Beginning cleaning of log __consumer_offsets-12 (kafka.log.LogCleaner)
[2024-08-05 16:49:57,540] INFO Cleaner 0: Building offset map for __consumer_offsets-12... (kafka.log.LogCleaner)
[2024-08-05 16:49:57,590] INFO Cleaner 0: Building offset map for log __consumer_offsets-12 for 1 segments in offset range [0, 862). (kafka.log.LogCleaner)
[2024-08-05 16:49:57,602] INFO Cleaner 0: Offset map for log __consumer_offsets-12 complete. (kafka.log.LogCleaner)
[2024-08-05 16:49:57,602] INFO Cleaner 0: Cleaning log __consumer_offsets-12 (cleaning prior to Mon Jul 22 20:10:55 IST 2024, discarding tombstones prior to upper bound deletion horizon Thu Jan 01 05:30:00 IST 1970)... (kafka.log.LogCleaner)
[2024-08-05 16:50:32,605] INFO Starting the log cleaner (kafka.log.LogCleaner)
[2024-08-05 16:50:47,886] INFO Cleaner 0: Beginning cleaning of log __consumer_offsets-12 (kafka.log.LogCleaner)
[2024-08-05 16:50:47,887] INFO Cleaner 0: Building offset map for __consumer_offsets-12... (kafka.log.LogCleaner)
[2024-08-05 16:50:47,942] INFO Cleaner 0: Building offset map for log __consumer_offsets-12 for 1 segments in offset range [0, 862). (kafka.log.LogCleaner)
[2024-08-05 16:50:48,015] INFO Cleaner 0: Offset map for log __consumer_offsets-12 complete. (kafka.log.LogCleaner)
[2024-08-05 16:50:48,043] INFO Cleaner 0: Cleaning log __consumer_offsets-12 (cleaning prior to Mon Jul 22 20:10:55 IST 2024, discarding tombstones prior to upper bound deletion horizon Thu Jan 01 05:30:00 IST 1970)... (kafka.log.LogCleaner)
[2024-08-05 16:50:48,051] INFO Cleaner 0: Cleaning LogSegment(baseOffset=0, size=64548, lastModifiedTime=1721659255153, largestRecordTimestamp=1721659255114) in log __consumer_offsets-12 into 0 with an upper bound deletion horizon 0 computed from the segment last modified time of 1721659255153,retaining deletes. (kafka.log.LogCleaner)
[2024-08-05 16:50:48,106] INFO Cleaner 0: Swapping in cleaned segment LogSegment(baseOffset=0, size=554, lastModifiedTime=1721659255153, largestRecordTimestamp=1721659255114) for segment(s) List(LogSegment(baseOffset=0, size=64548, lastModifiedTime=1721659255153, largestRecordTimestamp=1721659255114)) in log Log(dir=C:\kafka\kafka-logs\__consumer_offsets-12, topicId=f64BRmo_QQOpNWuZOGjZrA, topic=__consumer_offsets, partition=12, highWatermark=869, lastStableOffset=869, logStartOffset=0, logEndOffset=869) (kafka.log.LogCleaner)
[2024-08-05 16:50:48,171] INFO Cleaner 0: Beginning cleaning of log __consumer_offsets-12 (kafka.log.LogCleaner)
[2024-08-05 16:50:48,171] INFO Cleaner 0: Building offset map for __consumer_offsets-12... (kafka.log.LogCleaner)
[2024-08-05 16:52:20,202] INFO Starting the log cleaner (kafka.log.LogCleaner)
[2024-08-05 16:52:35,414] INFO Cleaner 0: Beginning cleaning of log __consumer_offsets-12 (kafka.log.LogCleaner)
[2024-08-05 16:52:35,415] INFO Cleaner 0: Building offset map for __consumer_offsets-12... (kafka.log.LogCleaner)
[2024-08-05 16:52:35,476] INFO Cleaner 0: Building offset map for log __consumer_offsets-12 for 1 segments in offset range [0, 862). (kafka.log.LogCleaner)
[2024-08-05 16:52:35,545] INFO Cleaner 0: Offset map for log __consumer_offsets-12 complete. (kafka.log.LogCleaner)
[2024-08-05 16:52:35,600] INFO Cleaner 0: Cleaning log __consumer_offsets-12 (cleaning prior to Mon Jul 22 20:10:55 IST 2024, discarding tombstones prior to upper bound deletion horizon Thu Jan 01 05:30:00 IST 1970)... (kafka.log.LogCleaner)
[2024-08-05 16:52:35,615] INFO Cleaner 0: Cleaning LogSegment(baseOffset=0, size=64548, lastModifiedTime=1721659255153, largestRecordTimestamp=1721659255114) in log __consumer_offsets-12 into 0 with an upper bound deletion horizon 0 computed from the segment last modified time of 1721659255153,retaining deletes. (kafka.log.LogCleaner)
[2024-08-05 16:52:35,698] INFO Cleaner 0: Swapping in cleaned segment LogSegment(baseOffset=0, size=554, lastModifiedTime=1721659255153, largestRecordTimestamp=1721659255114) for segment(s) List(LogSegment(baseOffset=0, size=64548, lastModifiedTime=1721659255153, largestRecordTimestamp=1721659255114)) in log Log(dir=C:\kafka\kafka-logs\__consumer_offsets-12, topicId=f64BRmo_QQOpNWuZOGjZrA, topic=__consumer_offsets, partition=12, highWatermark=869, lastStableOffset=869, logStartOffset=0, logEndOffset=869) (kafka.log.LogCleaner)
[2024-08-05 16:52:35,737] INFO Cleaner 0: Beginning cleaning of log __consumer_offsets-12 (kafka.log.LogCleaner)
[2024-08-05 16:52:35,737] INFO Cleaner 0: Building offset map for __consumer_offsets-12... (kafka.log.LogCleaner)
[2024-08-05 16:52:35,783] INFO Cleaner 0: Building offset map for log __consumer_offsets-12 for 1 segments in offset range [0, 862). (kafka.log.LogCleaner)
[2024-08-05 16:52:35,859] INFO Cleaner 0: Offset map for log __consumer_offsets-12 complete. (kafka.log.LogCleaner)
[2024-08-05 16:52:35,860] INFO Cleaner 0: Cleaning log __consumer_offsets-12 (cleaning prior to Mon Jul 22 20:10:55 IST 2024, discarding tombstones prior to upper bound deletion horizon Thu Jan 01 05:30:00 IST 1970)... (kafka.log.LogCleaner)
[2024-08-05 16:53:11,397] INFO Starting the log cleaner (kafka.log.LogCleaner)
[2024-08-05 16:53:26,605] INFO Cleaner 0: Beginning cleaning of log __consumer_offsets-12 (kafka.log.LogCleaner)
[2024-08-05 16:53:26,606] INFO Cleaner 0: Building offset map for __consumer_offsets-12... (kafka.log.LogCleaner)
[2024-08-05 16:53:26,667] INFO Cleaner 0: Building offset map for log __consumer_offsets-12 for 1 segments in offset range [0, 862). (kafka.log.LogCleaner)
[2024-08-05 16:53:26,724] INFO Cleaner 0: Offset map for log __consumer_offsets-12 complete. (kafka.log.LogCleaner)
[2024-08-05 16:53:26,763] INFO Cleaner 0: Cleaning log __consumer_offsets-12 (cleaning prior to Mon Jul 22 20:10:55 IST 2024, discarding tombstones prior to upper bound deletion horizon Thu Jan 01 05:30:00 IST 1970)... (kafka.log.LogCleaner)
[2024-08-05 16:53:26,777] INFO Cleaner 0: Cleaning LogSegment(baseOffset=0, size=64548, lastModifiedTime=1721659255153, largestRecordTimestamp=1721659255114) in log __consumer_offsets-12 into 0 with an upper bound deletion horizon 0 computed from the segment last modified time of 1721659255153,retaining deletes. (kafka.log.LogCleaner)
[2024-08-05 16:53:26,852] INFO Cleaner 0: Swapping in cleaned segment LogSegment(baseOffset=0, size=554, lastModifiedTime=1721659255153, largestRecordTimestamp=1721659255114) for segment(s) List(LogSegment(baseOffset=0, size=64548, lastModifiedTime=1721659255153, largestRecordTimestamp=1721659255114)) in log Log(dir=C:\kafka\kafka-logs\__consumer_offsets-12, topicId=f64BRmo_QQOpNWuZOGjZrA, topic=__consumer_offsets, partition=12, highWatermark=869, lastStableOffset=869, logStartOffset=0, logEndOffset=869) (kafka.log.LogCleaner)
[2024-08-05 16:53:26,895] INFO Cleaner 0: Beginning cleaning of log __consumer_offsets-12 (kafka.log.LogCleaner)
[2024-08-05 16:53:26,895] INFO Cleaner 0: Building offset map for __consumer_offsets-12... (kafka.log.LogCleaner)
[2024-08-05 16:53:26,936] INFO Cleaner 0: Building offset map for log __consumer_offsets-12 for 1 segments in offset range [0, 862). (kafka.log.LogCleaner)
[2024-08-05 16:55:53,116] INFO Starting the log cleaner (kafka.log.LogCleaner)
[2024-08-05 16:56:08,433] INFO Cleaner 0: Beginning cleaning of log __consumer_offsets-12 (kafka.log.LogCleaner)
[2024-08-05 16:56:08,434] INFO Cleaner 0: Building offset map for __consumer_offsets-12... (kafka.log.LogCleaner)
[2024-08-05 16:56:08,505] INFO Cleaner 0: Building offset map for log __consumer_offsets-12 for 1 segments in offset range [0, 862). (kafka.log.LogCleaner)
[2024-08-05 16:56:08,562] INFO Cleaner 0: Offset map for log __consumer_offsets-12 complete. (kafka.log.LogCleaner)
[2024-08-05 16:56:08,602] INFO Cleaner 0: Cleaning log __consumer_offsets-12 (cleaning prior to Mon Jul 22 20:10:55 IST 2024, discarding tombstones prior to upper bound deletion horizon Thu Jan 01 05:30:00 IST 1970)... (kafka.log.LogCleaner)
[2024-08-05 16:56:08,614] INFO Cleaner 0: Cleaning LogSegment(baseOffset=0, size=64548, lastModifiedTime=1721659255153, largestRecordTimestamp=1721659255114) in log __consumer_offsets-12 into 0 with an upper bound deletion horizon 0 computed from the segment last modified time of 1721659255153,retaining deletes. (kafka.log.LogCleaner)
[2024-08-05 16:56:08,696] INFO Cleaner 0: Swapping in cleaned segment LogSegment(baseOffset=0, size=554, lastModifiedTime=1721659255153, largestRecordTimestamp=1721659255114) for segment(s) List(LogSegment(baseOffset=0, size=64548, lastModifiedTime=1721659255153, largestRecordTimestamp=1721659255114)) in log Log(dir=C:\kafka\kafka-logs\__consumer_offsets-12, topicId=f64BRmo_QQOpNWuZOGjZrA, topic=__consumer_offsets, partition=12, highWatermark=869, lastStableOffset=869, logStartOffset=0, logEndOffset=869) (kafka.log.LogCleaner)
[2024-08-05 16:56:08,810] INFO Cleaner 0: Beginning cleaning of log __consumer_offsets-12 (kafka.log.LogCleaner)
[2024-08-05 16:56:08,810] INFO Cleaner 0: Building offset map for __consumer_offsets-12... (kafka.log.LogCleaner)
[2024-08-05 16:56:46,616] INFO Starting the log cleaner (kafka.log.LogCleaner)
[2024-08-05 16:57:01,878] INFO Cleaner 0: Beginning cleaning of log __consumer_offsets-12 (kafka.log.LogCleaner)
[2024-08-05 16:57:01,879] INFO Cleaner 0: Building offset map for __consumer_offsets-12... (kafka.log.LogCleaner)
[2024-08-05 16:57:01,935] INFO Cleaner 0: Building offset map for log __consumer_offsets-12 for 1 segments in offset range [0, 862). (kafka.log.LogCleaner)
[2024-08-05 16:57:01,993] INFO Cleaner 0: Offset map for log __consumer_offsets-12 complete. (kafka.log.LogCleaner)
[2024-08-05 16:57:02,029] INFO Cleaner 0: Cleaning log __consumer_offsets-12 (cleaning prior to Mon Jul 22 20:10:55 IST 2024, discarding tombstones prior to upper bound deletion horizon Thu Jan 01 05:30:00 IST 1970)... (kafka.log.LogCleaner)
[2024-08-05 16:57:02,041] INFO Cleaner 0: Cleaning LogSegment(baseOffset=0, size=64548, lastModifiedTime=1721659255153, largestRecordTimestamp=1721659255114) in log __consumer_offsets-12 into 0 with an upper bound deletion horizon 0 computed from the segment last modified time of 1721659255153,retaining deletes. (kafka.log.LogCleaner)
[2024-08-05 16:57:02,104] INFO Cleaner 0: Swapping in cleaned segment LogSegment(baseOffset=0, size=554, lastModifiedTime=1721659255153, largestRecordTimestamp=1721659255114) for segment(s) List(LogSegment(baseOffset=0, size=64548, lastModifiedTime=1721659255153, largestRecordTimestamp=1721659255114)) in log Log(dir=C:\kafka\kafka-logs\__consumer_offsets-12, topicId=f64BRmo_QQOpNWuZOGjZrA, topic=__consumer_offsets, partition=12, highWatermark=869, lastStableOffset=869, logStartOffset=0, logEndOffset=869) (kafka.log.LogCleaner)
[2024-08-05 16:57:02,153] INFO Cleaner 0: Beginning cleaning of log __consumer_offsets-12 (kafka.log.LogCleaner)
[2024-08-05 16:57:02,153] INFO Cleaner 0: Building offset map for __consumer_offsets-12... (kafka.log.LogCleaner)
[2024-08-05 16:57:02,209] INFO Cleaner 0: Building offset map for log __consumer_offsets-12 for 1 segments in offset range [0, 862). (kafka.log.LogCleaner)
[2024-08-05 16:57:02,220] INFO Cleaner 0: Offset map for log __consumer_offsets-12 complete. (kafka.log.LogCleaner)
[2024-08-05 16:57:02,221] INFO Cleaner 0: Cleaning log __consumer_offsets-12 (cleaning prior to Mon Jul 22 20:10:55 IST 2024, discarding tombstones prior to upper bound deletion horizon Thu Jan 01 05:30:00 IST 1970)... (kafka.log.LogCleaner)
[2024-08-06 09:39:01,337] INFO Starting the log cleaner (kafka.log.LogCleaner)
[2024-08-06 09:39:16,520] INFO Cleaner 0: Beginning cleaning of log __consumer_offsets-12 (kafka.log.LogCleaner)
[2024-08-06 09:39:16,520] INFO Cleaner 0: Building offset map for __consumer_offsets-12... (kafka.log.LogCleaner)
[2024-08-06 09:39:16,558] INFO Cleaner 0: Building offset map for log __consumer_offsets-12 for 1 segments in offset range [0, 862). (kafka.log.LogCleaner)
[2024-08-06 09:39:16,591] INFO Cleaner 0: Offset map for log __consumer_offsets-12 complete. (kafka.log.LogCleaner)
[2024-08-06 09:39:16,619] INFO Cleaner 0: Cleaning log __consumer_offsets-12 (cleaning prior to Mon Jul 22 20:10:55 IST 2024, discarding tombstones prior to upper bound deletion horizon Thu Jan 01 05:30:00 IST 1970)... (kafka.log.LogCleaner)
[2024-08-06 09:39:16,628] INFO Cleaner 0: Cleaning LogSegment(baseOffset=0, size=64548, lastModifiedTime=1721659255153, largestRecordTimestamp=1721659255114) in log __consumer_offsets-12 into 0 with an upper bound deletion horizon 0 computed from the segment last modified time of 1721659255153,retaining deletes. (kafka.log.LogCleaner)
[2024-08-06 09:39:16,677] INFO Cleaner 0: Swapping in cleaned segment LogSegment(baseOffset=0, size=554, lastModifiedTime=1721659255153, largestRecordTimestamp=1721659255114) for segment(s) List(LogSegment(baseOffset=0, size=64548, lastModifiedTime=1721659255153, largestRecordTimestamp=1721659255114)) in log Log(dir=C:\kafka\kafka-logs\__consumer_offsets-12, topicId=f64BRmo_QQOpNWuZOGjZrA, topic=__consumer_offsets, partition=12, highWatermark=869, lastStableOffset=869, logStartOffset=0, logEndOffset=869) (kafka.log.LogCleaner)
[2024-08-06 09:39:16,720] INFO Cleaner 0: Beginning cleaning of log __consumer_offsets-12 (kafka.log.LogCleaner)
[2024-08-06 09:39:16,721] INFO Cleaner 0: Building offset map for __consumer_offsets-12... (kafka.log.LogCleaner)
[2024-08-06 09:39:16,749] INFO Cleaner 0: Building offset map for log __consumer_offsets-12 for 1 segments in offset range [0, 862). (kafka.log.LogCleaner)
[2024-08-06 09:39:16,769] INFO Cleaner 0: Offset map for log __consumer_offsets-12 complete. (kafka.log.LogCleaner)
[2024-08-06 09:39:16,770] INFO Cleaner 0: Cleaning log __consumer_offsets-12 (cleaning prior to Mon Jul 22 20:10:55 IST 2024, discarding tombstones prior to upper bound deletion horizon Thu Jan 01 05:30:00 IST 1970)... (kafka.log.LogCleaner)
[2024-08-06 10:27:35,683] INFO Starting the log cleaner (kafka.log.LogCleaner)
[2024-08-06 10:27:36,695] INFO Shutting down the log cleaner. (kafka.log.LogCleaner)
[2024-08-06 10:27:49,863] INFO Starting the log cleaner (kafka.log.LogCleaner)
[2024-08-06 10:27:50,806] INFO Shutting down the log cleaner. (kafka.log.LogCleaner)
